This is pdfTeX, Version 3.1415926-2.4-1.40.13 (TeX Live 2012) (format=pdflatex 2013.4.7)  24 APR 2013 18:51
entering extended mode
 restricted \write18 enabled.
 %&-line parsing enabled.
**../docs/pp-fp-1.tex
(../docs/../docs/pp-fp-1.tex
LaTeX2e <2011/06/27>
Babel <v3.8m> and hyphenation patterns for english, dumylang, nohyphenation, ge
rman-x-2012-05-30, ngerman-x-2012-05-30, afrikaans, ancientgreek, ibycus, arabi
c, armenian, basque, bulgarian, catalan, pinyin, coptic, croatian, czech, danis
h, dutch, ukenglish, usenglishmax, esperanto, estonian, ethiopic, farsi, finnis
h, french, friulan, galician, german, ngerman, swissgerman, monogreek, greek, h
ungarian, icelandic, assamese, bengali, gujarati, hindi, kannada, malayalam, ma
rathi, oriya, panjabi, tamil, telugu, indonesian, interlingua, irish, italian, 
kurmanji, latin, latvian, lithuanian, mongolian, mongolianlmc, bokmal, nynorsk,
 piedmontese, polish, portuguese, romanian, romansh, russian, sanskrit, serbian
, serbianc, slovak, slovenian, spanish, swedish, turkish, turkmen, ukrainian, u
ppersorbian, welsh, loaded.
(/usr/local/texlive/2012/texmf-dist/tex/latex/base/article.cls
Document Class: article 2007/10/19 v1.4h Standard LaTeX document class
(/usr/local/texlive/2012/texmf-dist/tex/latex/base/fleqn.clo
File: fleqn.clo 1998/08/17 v1.1c Standard LaTeX option (flush left equations)
\mathindent=\dimen102
)
(/usr/local/texlive/2012/texmf-dist/tex/latex/base/size12.clo
File: size12.clo 2007/10/19 v1.4h Standard LaTeX file (size option)
)
\c@part=\count79
\c@section=\count80
\c@subsection=\count81
\c@subsubsection=\count82
\c@paragraph=\count83
\c@subparagraph=\count84
\c@figure=\count85
\c@table=\count86
\abovecaptionskip=\skip41
\belowcaptionskip=\skip42
\bibindent=\dimen103
)
(/usr/local/texlive/2012/texmf-dist/tex/latex/comment/comment.sty
\CommentStream=\write3

Excluding comment 'comment')
(/usr/local/texlive/2012/texmf-dist/tex/generic/genmisc/nth.sty
Package: nth 2002/02/27
)
(/usr/local/texlive/2012/texmf-dist/tex/latex/setspace/setspace.sty
Package: setspace 2011/12/19 v6.7a set line spacing
)
(/usr/local/texlive/2012/texmf-dist/tex/latex/graphics/color.sty
Package: color 2005/11/14 v1.0j Standard LaTeX Color (DPC)

(/usr/local/texlive/2012/texmf-dist/tex/latex/latexconfig/color.cfg
File: color.cfg 2007/01/18 v1.5 color configuration of teTeX/TeXLive
)
Package color Info: Driver file: pdftex.def on input line 130.

(/usr/local/texlive/2012/texmf-dist/tex/latex/pdftex-def/pdftex.def
File: pdftex.def 2011/05/27 v0.06d Graphics/color for pdfTeX

(/usr/local/texlive/2012/texmf-dist/tex/generic/oberdiek/infwarerr.sty
Package: infwarerr 2010/04/08 v1.3 Providing info/warning/error messages (HO)
)
(/usr/local/texlive/2012/texmf-dist/tex/generic/oberdiek/ltxcmds.sty
Package: ltxcmds 2011/11/09 v1.22 LaTeX kernel commands for general use (HO)
)
\Gread@gobject=\count87
))
(/usr/local/texlive/2012/texmf-dist/tex/latex/listings/listings.sty
(/usr/local/texlive/2012/texmf-dist/tex/latex/graphics/keyval.sty
Package: keyval 1999/03/16 v1.13 key=value parser (DPC)
\KV@toks@=\toks14
)
\lst@mode=\count88
\lst@gtempboxa=\box26
\lst@token=\toks15
\lst@length=\count89
\lst@currlwidth=\dimen104
\lst@column=\count90
\lst@pos=\count91
\lst@lostspace=\dimen105
\lst@width=\dimen106
\lst@newlines=\count92
\lst@lineno=\count93
\lst@maxwidth=\dimen107

(/usr/local/texlive/2012/texmf-dist/tex/latex/listings/lstmisc.sty
File: lstmisc.sty 2007/02/22 1.4 (Carsten Heinz)
\c@lstnumber=\count94
\lst@skipnumbers=\count95
\lst@framebox=\box27
)
(/usr/local/texlive/2012/texmf-dist/tex/latex/listings/listings.cfg
File: listings.cfg 2007/02/22 1.4 listings configuration
))
Package: listings 2007/02/22 1.4 (Carsten Heinz)

(/usr/local/texlive/2012/texmf-dist/tex/latex/listings/lstlang1.sty
File: lstlang1.sty 2004/09/05 1.3 listings language file
)
(/usr/local/texlive/2012/texmf-dist/tex/latex/listings/lstlang1.sty
File: lstlang1.sty 2004/09/05 1.3 listings language file
)
(/usr/local/texlive/2012/texmf-dist/tex/latex/listings/lstmisc.sty
File: lstmisc.sty 2007/02/22 1.4 (Carsten Heinz)
)
No file pp-fp-1.aux.
\openout1 = `pp-fp-1.aux'.

LaTeX Font Info:    Checking defaults for OML/cmm/m/it on input line 65.
LaTeX Font Info:    ... okay on input line 65.
LaTeX Font Info:    Checking defaults for T1/cmr/m/n on input line 65.
LaTeX Font Info:    ... okay on input line 65.
LaTeX Font Info:    Checking defaults for OT1/cmr/m/n on input line 65.
LaTeX Font Info:    ... okay on input line 65.
LaTeX Font Info:    Checking defaults for OMS/cmsy/m/n on input line 65.
LaTeX Font Info:    ... okay on input line 65.
LaTeX Font Info:    Checking defaults for OMX/cmex/m/n on input line 65.
LaTeX Font Info:    ... okay on input line 65.
LaTeX Font Info:    Checking defaults for U/cmr/m/n on input line 65.
LaTeX Font Info:    ... okay on input line 65.
(/usr/local/texlive/2012/texmf-dist/tex/context/base/supp-pdf.mkii
[Loading MPS to PDF converter (version 2006.09.02).]
\scratchcounter=\count96
\scratchdimen=\dimen108
\scratchbox=\box28
\nofMPsegments=\count97
\nofMParguments=\count98
\everyMPshowfont=\toks16
\MPscratchCnt=\count99
\MPscratchDim=\dimen109
\MPnumerator=\count100
\makeMPintoPDFobject=\count101
\everyMPtoPDFconversion=\toks17
)
\c@lstlisting=\count102
LaTeX Font Info:    External font `cmex10' loaded for size
(Font)              <20.74> on input line 68.
LaTeX Font Info:    External font `cmex10' loaded for size
(Font)              <14.4> on input line 68.
LaTeX Font Info:    External font `cmex10' loaded for size
(Font)              <12> on input line 68.
LaTeX Font Info:    External font `cmex10' loaded for size
(Font)              <7> on input line 68.


LaTeX Warning: Citation `stroustrup' on page 1 undefined on input line 75.


LaTeX Warning: Citation `josuttis' on page 1 undefined on input line 77.


LaTeX Warning: Citation `mcnamara' on page 1 undefined on input line 78.


LaTeX Warning: Citation `lipovaca' on page 1 undefined on input line 80.


LaTeX Warning: Citation `hutton' on page 1 undefined on input line 80.


LaTeX Warning: Citation `bird' on page 1 undefined on input line 80.


LaTeX Warning: Citation `sourcecode' on page 1 undefined on input line 83.


LaTeX Warning: Citation `macports' on page 1 undefined on input line 83.


Overfull \hbox (8.35397pt too wide) in paragraph at lines 88--88
[]\OT1/cmss/bx/n/17.28 Object Ori-ented and Func-tional Pro-gram-ming Style 
 []


LaTeX Warning: Citation `designpatterns' on page 1 undefined on input line 95.

[1

{/usr/local/texlive/2012/texmf-var/fonts/map/pdftex/updmap/pdftex.map}]

LaTeX Warning: Citation `hutton' on page 2 undefined on input line 122.


LaTeX Warning: Citation `bird' on page 2 undefined on input line 122.


LaTeX Warning: Citation `hutton' on page 2 undefined on input line 136.


LaTeX Font Warning: Font shape `OT1/cmss/m/it' in size <12> not available
(Font)              Font shape `OT1/cmss/m/sl' tried instead on input line 138.


LaTeX Font Info:    External font `cmex10' loaded for size
(Font)              <8> on input line 139.
LaTeX Font Info:    External font `cmex10' loaded for size
(Font)              <6> on input line 139.
[2]

LaTeX Warning: Citation `lipovaca' on page 3 undefined on input line 152.


LaTeX Warning: Citation `josuttis' on page 3 undefined on input line 157.


LaTeX Warning: Citation `std::function' on page 3 undefined on input line 157.


LaTeX Warning: Citation `josuttis' on page 3 undefined on input line 159.


LaTeX Warning: Citation `field' on page 3 undefined on input line 173.


LaTeX Warning: Citation `field' on page 3 undefined on input line 174.


LaTeX Warning: Citation `scott' on page 3 undefined on input line 174.


LaTeX Warning: Citation `lambdaref' on page 3 undefined on input line 176.


LaTeX Warning: Citation `std::function' on page 3 undefined on input line 191.


LaTeX Warning: Citation `auto' on page 3 undefined on input line 191.

LaTeX Font Info:    Try loading font information for OMS+cmss on input line 198
.
LaTeX Font Info:    No file OMScmss.fd. on input line 198.

LaTeX Font Warning: Font shape `OMS/cmss/m/n' undefined
(Font)              using `OMS/cmsy/m/n' instead
(Font)              for symbol `textbraceleft' on input line 198.

LaTeX Font Info:    Try loading font information for OML+cmss on input line 198
.
LaTeX Font Info:    No file OMLcmss.fd. on input line 198.

LaTeX Font Warning: Font shape `OML/cmss/m/n' undefined
(Font)              using `OML/cmm/m/it' instead
(Font)              for symbol `textless' on input line 198.

[3]

LaTeX Font Warning: Font shape `OT1/cmss/m/it' in size <10> not available
(Font)              Font shape `OT1/cmss/m/sl' tried instead on input line 203.



LaTeX Warning: Reference `listing1' on page 4 undefined on input line 219.

LaTeX Font Info:    External font `cmex10' loaded for size
(Font)              <5> on input line 238.
[4]

LaTeX Warning: Reference `lr' on page 5 undefined on input line 251.


LaTeX Warning: Citation `field' on page 5 undefined on input line 262.


LaTeX Warning: Citation `std::bind' on page 5 undefined on input line 263.


LaTeX Warning: Citation `std::placeholder' on page 5 undefined on input line 26
3.

[5]

LaTeX Warning: Reference `std::bind::example' on page 6 undefined on input line
 295.


LaTeX Warning: Citation `josuttis' on page 6 undefined on input line 370.


LaTeX Warning: Citation `std::transform' on page 6 undefined on input line 370.



LaTeX Warning: Citation `std::foreach' on page 6 undefined on input line 378.


LaTeX Warning: Citation `josuttis' on page 6 undefined on input line 378.


LaTeX Warning: Reference `map' on page 6 undefined on input line 397.


LaTeX Warning: Citation `std::forward_list' on page 6 undefined on input line 3
97.


LaTeX Warning: Citation `josuttis' on page 6 undefined on input line 397.


Overfull \hbox (14.27673pt too wide) in paragraph at lines 397--398
[]\OT1/cmss/m/n/12 Listing [] shows a pos-si-ble im-ple-men-ta-tion of the map 
func-tion for a std::forward[]list
 []

[6]

LaTeX Warning: Citation `josuttis' on page 7 undefined on input line 421.


LaTeX Warning: Citation `auto' on page 7 undefined on input line 421.


LaTeX Warning: Citation `decltype' on page 7 undefined on input line 421.


LaTeX Warning: Citation `jouttis' on page 7 undefined on input line 455.


LaTeX Warning: Citation `std::transform' on page 7 undefined on input line 455.



LaTeX Warning: Citation `lipovaca' on page 7 undefined on input line 476.


LaTeX Warning: Citation `hutton' on page 7 undefined on input line 476.


LaTeX Warning: Citation `zip' on page 7 undefined on input line 485.

[7]

LaTeX Warning: Reference `zipWith' on page 8 undefined on input line 504.


LaTeX Warning: Reference `zipexample' on page 8 undefined on input line 516.


LaTeX Warning: Citation `bird' on page 8 undefined on input line 565.


LaTeX Warning: Citation `hutton' on page 8 undefined on input line 565.

[8]

LaTeX Warning: Citation `josuttis' on page 9 undefined on input line 577.


LaTeX Warning: Citation `std::accumulate' on page 9 undefined on input line 577
.


LaTeX Warning: Reference `std::accumulate' on page 9 undefined on input line 60
5.


LaTeX Warning: Citation `josuttis' on page 9 undefined on input line 606.


LaTeX Warning: Reference `premonad' on page 9 undefined on input line 619.

[9]

LaTeX Warning: Reference `listmonad' on page 10 undefined on input line 656.


LaTeX Warning: Reference `premonad' on page 10 undefined on input line 656.


LaTeX Warning: Reference `mapM' on page 10 undefined on input line 676.


LaTeX Warning: Reference `mapM' on page 10 undefined on input line 696.

[10]

LaTeX Warning: Citation `bird' on page 11 undefined on input line 709.


LaTeX Warning: Citation `lipovaca' on page 11 undefined on input line 709.


LaTeX Warning: Citation `yorgey' on page 11 undefined on input line 710.


LaTeX Warning: Citation `tuples' on page 11 undefined on input line 732.


LaTeX Warning: Citation `field' on page 11 undefined on input line 735.


LaTeX Warning: Citation `bird' on page 11 undefined on input line 738.


LaTeX Warning: Citation `lipovaca' on page 11 undefined on input line 738.


LaTeX Warning: Citation `yorgey' on page 11 undefined on input line 738.

[11] [12]
Overfull \hbox (1.60371pt too wide) in paragraph at lines 837--844
[]$ 
 []

[13] (../docs/pp-fp-1.aux)

LaTeX Font Warning: Some font shapes were not available, defaults substituted.


LaTeX Warning: There were undefined references.


LaTeX Warning: Label(s) may have changed. Rerun to get cross-references right.

 ) 
Here is how much of TeX's memory you used:
 2693 strings out of 493481
 37430 string characters out of 3140966
 238440 words of memory out of 3000000
 6001 multiletter control sequences out of 15000+200000
 13186 words of font info for 45 fonts, out of 3000000 for 9000
 957 hyphenation exceptions out of 8191
 33i,8n,58p,268b,1613s stack positions out of 5000i,500n,10000p,200000b,50000s
</usr/local/texlive/2012/texmf-dist/fonts/type1/public/amsfonts/cm/cmbx12.pfb
></usr/local/texlive/2012/texmf-dist/fonts/type1/public/amsfonts/cm/cmmi10.pfb>
</usr/local/texlive/2012/texmf-dist/fonts/type1/public/amsfonts/cm/cmmi12.pfb><
/usr/local/texlive/2012/texmf-dist/fonts/type1/public/amsfonts/cm/cmr12.pfb></u
sr/local/texlive/2012/texmf-dist/fonts/type1/public/amsfonts/cm/cmss10.pfb></us
r/local/texlive/2012/texmf-dist/fonts/type1/public/amsfonts/cm/cmss12.pfb></usr
/local/texlive/2012/texmf-dist/fonts/type1/public/amsfonts/cm/cmss17.pfb></usr/
local/texlive/2012/texmf-dist/fonts/type1/public/amsfonts/cm/cmssbx10.pfb></usr
/local/texlive/2012/texmf-dist/fonts/type1/public/amsfonts/cm/cmssi10.pfb></usr
/local/texlive/2012/texmf-dist/fonts/type1/public/amsfonts/cm/cmssi12.pfb></usr
/local/texlive/2012/texmf-dist/fonts/type1/public/amsfonts/cm/cmsy10.pfb>
Output written on ../docs/pp-fp-1.pdf (13 pages, 167462 bytes).
PDF statistics:
 91 PDF objects out of 1000 (max. 8388607)
 64 compressed objects within 1 object stream
 0 named destinations out of 1000 (max. 500000)
 1 words of extra memory for PDF output out of 10000 (max. 10000000)

